Lattice Timing Report -  Setup  and Hold, Version Radiant (64-bit) 1.0.0.350.6

Mon Apr 29 14:36:22 2019

Copyright (c) 1991-1994 by NeoCAD Inc. All rights reserved.
Copyright (c) 1995 AT&T Corp.   All rights reserved.
Copyright (c) 1995-2001 Lucent Technologies Inc.  All rights reserved.
Copyright (c) 2001 Agere Systems   All rights reserved.
Copyright (c) 2002-2018 Lattice Semiconductor Corporation,  All rights reserved.

Command line:    timing -sethld -v 10 -u 10 -endpoints 10 -nperend 1 -html -rpt ImpactAttempt04_29_impl_1.twr ImpactAttempt04_29_impl_1.udb -gui

-----------------------------------------
Design:          Main
Family:          iCE40UP
Device:          iCE40UP5K
Package:         SG48
Performance:     High-Performance_1.2V
-----------------------------------------


=====================================================================
                    Table of Contents
=====================================================================
    1  DESIGN CHECKING
        1.1  SDC Constraints
        1.2  Combinational Loop
    2  CLOCK SUMMARY
        2.1  Clock hsosc_inst/CLKHF
    3  TIMING ANALYSIS SUMMARY
        3.1  Overall (Setup and Hold)
            3.1.1  Constraint Coverage
            3.1.2  Timing Errors
            3.1.3  Total Timing Score
        3.2  Setup Summary Report
            3.2.1  Setup Constraint Slack Summary
            3.2.2  Setup Critical Endpoint Summary 
        3.3  Hold Summary Report
            3.3.1  Hold Constraint Slack Summary
            3.3.2  Hold Critical Endpoint Summary 
        3.4  Unconstrained Report
            3.4.1  Unconstrained Start/End Points
            3.4.2  Start/End Points Without Timing Constraints
    4  DETAILED REPORT
        4.1  Setup Detailed Report
            4.1.1  Setup Path Details For Constraint: create_clock -name {hsosc_inst/CLKHF} -period 20.8333 [get_pins {hsosc_inst/CLKHF }] 
        4.2  Hold Detailed Report
            4.2.1  Hold Path Details For Constraint: create_clock -name {hsosc_inst/CLKHF} -period 20.8333 [get_pins {hsosc_inst/CLKHF }] 

=====================================================================
                    End of Table of Contents
=====================================================================

==============================================
1  DESIGN CHECKING
==============================================

1.1  SDC Constraints
=====================
create_clock -name {hsosc_inst/CLKHF} -period 20.8333 [get_pins {hsosc_inst/CLKHF }] 

1.2  Combinational Loop
========================
None

==============================================
2  CLOCK SUMMARY
==============================================

2.1 Clock "hsosc_inst/CLKHF"
=======================
create_clock -name {hsosc_inst/CLKHF} -period 20.8333 [get_pins {hsosc_inst/CLKHF }] 

Single Clock Domain
-------------------------------------------------------------------------------------------------------
         Clock hsosc_inst/CLKHF         |                    |       Period       |     Frequency      
-------------------------------------------------------------------------------------------------------
 From hsosc_inst/CLKHF                  |             Target |          20.833 ns |         48.001 MHz 
                                        | Actual (all paths) |          20.830 ns |         48.008 MHz 
-------------------------------------------------------------------------------------------------------

Clock Domain Crossing
------------------------------------------------------------------------------------------------------
         Clock hsosc_inst/CLKHF         |   Worst Time Between Edges   |           Comment            
------------------------------------------------------------------------------------------------------
------------------------------------------------------------------------------------------------------

==============================================
3  TIMING ANALYSIS SUMMARY
==============================================

3.1  Overall (Setup and Hold)
==============================

3.1.1  Constraint Coverage
---------------------------
Constraint Coverage: 0.432526%

3.1.2  Timing Errors
---------------------
Timing Errors: 0 endpoints (setup), 0 endpoints (hold)

3.1.3  Total Timing Score
--------------------------
Total Negative Slack: 0.000 ns (setup), 0.000 ns (hold)

3.2  Setup Summary Report
==========================

3.2.1  Setup Constraint Slack Summary
--------------------------------------
-------------------------------------------------------------------------------------------------------------------------------------------
                                        |             |             |        |   Actual (flop to flop)   |                |                
             SDC Constraint             |   Target    |    Slack    | Levels |   Period    |  Frequency  |  Items Scored  |  Timing Error  
-------------------------------------------------------------------------------------------------------------------------------------------
                                        |             |             |        |             |             |                |                
create_clock -name {hsosc_inst/CLKHF} -                                                                                                    
period 20.8333 [get_pins {hsosc_inst/CL                                                                                                    
KHF }]                                  |   20.833 ns |    0.003 ns |    0   |   20.830 ns |  48.008 MHz |        4       |        0       
-------------------------------------------------------------------------------------------------------------------------------------------

3.2.2  Setup Critical Endpoint Summary 
----------------------------------------
-------------------------------------------------------
          Listing 4 End Points           |    Slack    
-------------------------------------------------------
counter_784_875__i2/D                    |   15.456 ns 
flip_flop_clk_11/D                       |   15.707 ns 
counter_784_875__i1/D                    |   15.734 ns 
counter_784_875__i0/D                    |   16.740 ns 
-------------------------------------------------------
                                         |             
Setup # of endpoints with negative slack:|           0 
                                         |             
-------------------------------------------------------

3.3  Hold Summary Report
=========================

3.3.1  Hold Constraint Slack Summary
-------------------------------------
-------------------------------------------------------------------------------------------------------------------------------------------
                                        |             |             |        |   Actual (flop to flop)   |                |                
             SDC Constraint             |   Target    |    Slack    | Levels |   Period    |  Frequency  |  Items Scored  |  Timing Error  
-------------------------------------------------------------------------------------------------------------------------------------------
                                        |             |             |        |             |             |                |                
create_clock -name {hsosc_inst/CLKHF} -                                                                                                    
period 20.8333 [get_pins {hsosc_inst/CL                                                                                                    
KHF }]                                  |    0.000 ns |    3.417 ns |    2   |        ---- |        ---- |        4       |        0       
-------------------------------------------------------------------------------------------------------------------------------------------

3.3.2  Hold Critical Endpoint Summary 
---------------------------------------

-------------------------------------------------------
          Listing 4 End Points           |    Slack    
-------------------------------------------------------
counter_784_875__i2/D                    |    3.417 ns 
counter_784_875__i1/D                    |    3.417 ns 
counter_784_875__i0/D                    |    3.417 ns 
flip_flop_clk_11/D                       |    4.516 ns 
-------------------------------------------------------
                                         |             
Hold # of endpoints with negative slack: |           0 
                                         |             
-------------------------------------------------------

3.4  Unconstrained Report
===========================

3.4.1  Unconstrained Start/End Points
--------------------------------------

Clocked but unconstrained timing start points
-------------------------------------------------------------------
        Listing 10 Start Points         |           Type           
-------------------------------------------------------------------
nes_inst/CLK_MAP/cnt_791_874__i8/Q      |    No arrival or required
nes_inst/sipo_16_i0/Q                   |    No arrival or required
nes_inst/sipo_16_i7/Q                   |    No arrival or required
nes_inst/sipo_i4/Q                      |    No arrival or required
nes_inst/sipo_i3/Q                      |    No arrival or required
nes_inst/sipo_i0/Q                      |    No arrival or required
nes_inst/sipo_16_i6/Q                   |    No arrival or required
nes_inst/sipo_16_i5/Q                   |    No arrival or required
nes_inst/sipo_16_i4/Q                   |    No arrival or required
nes_inst/sipo_16_i3/Q                   |    No arrival or required
-------------------------------------------------------------------
                                        |                          
Number of unconstrained timing start po |                          
ints                                    |                       279
                                        |                          
-------------------------------------------------------------------

Clocked but unconstrained timing end points
-------------------------------------------------------------------
         Listing 10 End Points          |           Type           
-------------------------------------------------------------------
nes_inst/sipo_16_i0/D                   |    No arrival or required
nes_inst/sipo_16_i7/D                   |    No arrival or required
nes_inst/sipo_16_i4/D                   |    No arrival or required
nes_inst/sipo_16_i6/D                   |    No arrival or required
nes_inst/sipo_16_i5/D                   |    No arrival or required
nes_inst/sipo_16_i3/D                   |    No arrival or required
nes_inst/sipo_16_i2/D                   |    No arrival or required
nes_inst/sipo_16_i1/D                   |    No arrival or required
nes_inst/p_data__i2/D                   |    No arrival or required
nes_inst/p_data__i3/D                   |    No arrival or required
-------------------------------------------------------------------
                                        |                          
Number of unconstrained timing end poin |                          
ts                                      |                       343
                                        |                          
-------------------------------------------------------------------

3.4.2  Start/End Points Without Timing Constraints
---------------------------------------------------

I/O ports without constraint
----------------------------
Possible constraints to use on I/O ports are:
set_input_delay,
set_output_delay,
set_max_delay,
create_clock,
create_generated_clock,
...

-------------------------------------------------------------------
     Listing 10 Start or End Points     |           Type           
-------------------------------------------------------------------
s_data_top                              |                     input
clk_cntr_top                            |                    output
latch_top                               |                    output
matrix_clk                              |                    output
OE                                      |                    output
lat                                     |                    output
row[0]                                  |                    output
RGB[5]                                  |                    output
RGB[4]                                  |                    output
RGB[3]                                  |                    output
-------------------------------------------------------------------
                                        |                          
Number of I/O ports without constraint  |                        16
                                        |                          
-------------------------------------------------------------------

Registers without clock definition
Define the clock for these registers.
--------------------------------------------------
There is no instance satisfying reporting criteria


==============================================
4  DETAILED REPORT
==============================================

4.1  Setup Detailed Report
===========================
4.1.1  Setup path details for constraint: create_clock -name {hsosc_inst/CLKHF} -period 20.8333 [get_pins {hsosc_inst/CLKHF }] 
----------------------------------------------------------------------
4 endpoints scored, 0 timing errors detected.

Minimum Pulse Width Report
--------------------------
MPW Cell         : HFOSC
MPW Pin          : CLKHF
MPW Period       : 20.83 ns
Clock Period     : 20.8333 ns
Period margin    : 0.003333 ns  (Passed)
--------------------------

 +++++++++++++++++++++++++++++++++++++++++++++++++++++++++++++++++++++
                    Detailed Report for timing paths 
 +++++++++++++++++++++++++++++++++++++++++++++++++++++++++++++++++++++

 ++++Path 1  ++++++++++++++++++++++++++++++++++++++++++++++++++++++++++

Path Begin       : counter_784_875__i0/Q
Path End         : counter_784_875__i2/D
Source Clock     : hsosc_inst/CLKHF
Destination Clock: hsosc_inst/CLKHF
Logic Level      : 4
Delay Ratio      : 51.9% (route), 48.1% (logic)
Clock Skew       : 0.000 ns
Setup Constraint : 20.833 ns 
Path Slack       : 15.456 ns  (Passed)

  Destination Clock Arrival Time (hsosc_inst/CLKHF:R#2)    20.833
+ Destination Clock Source Latency                          0.000
- Destination Clock Uncertainty                             0.000
+ Destination Clock Path Delay                              5.510
- Setup Time                                                0.199
-------------------------------------------------------   -------
End-of-path required time( ns )                            26.144

  Source Clock Arrival Time (hsosc_inst/CLKHF:R#1)    0.000
+ Source Clock Source Latency                         0.000
+ Source Clock Path Delay                             5.510
+ Data Path Delay                                     5.178
--------------------------------------------------   ------
End-of-path arrival time( ns )                       10.688

 
Source Clock Path
Name                                      Cell/Site Name     Delay Name     Delay  Arrival Time  Fanout  
----------------------------------------  -----------------  -------------  -----  ------------  ------  
hsosc_inst/CLKHF                          HFOSC_HFOSC_R1C32  CLOCK LATENCY  0.000         0.000  3       
clk                                                          NET DELAY      5.510         5.510  1       


Data path
Name                                      Cell/Site Name  Delay Name           Delay  Arrival Time  Fanout  
----------------------------------------  --------------  -------------------  -----  ------------  ------  
counter_784_875__i0/CK->counter_784_875__i0/Q
                                          SLICE_R13C8A    CLK_TO_Q1_DELAY      1.391         6.901  1       
n3                                                        NET DELAY            2.026         8.927  1       
counter_784_875_add_4_1/C1->counter_784_875_add_4_1/CO1
                                          SLICE_R13C8A    C1_TO_COUT1_DELAY    0.344         9.271  2       
n6198                                                     NET DELAY            0.000         9.271  1       
counter_784_875_add_4_3/CI0->counter_784_875_add_4_3/CO0
                                          SLICE_R13C8B    CIN0_TO_COUT0_DELAY  0.278         9.549  2       
n8589                                                     NET DELAY            0.662        10.211  1       
counter_784_875_add_4_3/D1->counter_784_875_add_4_3/S1
                                          SLICE_R13C8B    D1_TO_F1_DELAY       0.477        10.688  1       
n18                                                       NET DELAY            0.000        10.688  1       


Destination Clock Path
Name                                      Cell/Site Name     Delay Name     Delay  Arrival Time  Fanout  
----------------------------------------  -----------------  -------------  -----  ------------  ------  
hsosc_inst/CLKHF                          HFOSC_HFOSC_R1C32  CLOCK LATENCY  0.000         0.000  3       
clk                                                          NET DELAY      5.510         5.510  1       




 ++++Path 2  ++++++++++++++++++++++++++++++++++++++++++++++++++++++++++

Path Begin       : counter_784_875__i2/Q
Path End         : flip_flop_clk_11/D
Source Clock     : hsosc_inst/CLKHF
Destination Clock: hsosc_inst/CLKHF
Logic Level      : 2
Delay Ratio      : 62.1% (route), 37.9% (logic)
Clock Skew       : 0.000 ns
Setup Constraint : 20.833 ns 
Path Slack       : 15.707 ns  (Passed)

  Destination Clock Arrival Time (hsosc_inst/CLKHF:R#2)    20.833
+ Destination Clock Source Latency                          0.000
- Destination Clock Uncertainty                             0.000
+ Destination Clock Path Delay                              5.510
- Setup Time                                                0.199
-------------------------------------------------------   -------
End-of-path required time( ns )                            26.144

  Source Clock Arrival Time (hsosc_inst/CLKHF:R#1)    0.000
+ Source Clock Source Latency                         0.000
+ Source Clock Path Delay                             5.510
+ Data Path Delay                                     4.927
--------------------------------------------------   ------
End-of-path arrival time( ns )                       10.437

 
Source Clock Path
Name                                      Cell/Site Name     Delay Name     Delay  Arrival Time  Fanout  
----------------------------------------  -----------------  -------------  -----  ------------  ------  
hsosc_inst/CLKHF                          HFOSC_HFOSC_R1C32  CLOCK LATENCY  0.000         0.000  3       
clk                                                          NET DELAY      5.510         5.510  1       


Data path
Name                                      Cell/Site Name  Delay Name       Delay  Arrival Time  Fanout  
----------------------------------------  --------------  ---------------  -----  ------------  ------  
{counter_784_875__i1/CK   counter_784_875__i2/CK}->counter_784_875__i2/Q
                                          SLICE_R13C8B    CLK_TO_Q1_DELAY  1.391         6.901  2       
counter[2]                                                NET DELAY        3.059         9.960  1       
SLICE_61/C0->SLICE_61/F0                  SLICE_R13C2D    C0_TO_F0_DELAY   0.477        10.437  1       
counter[2]/sig_008/FeedThruLUT                            NET DELAY        0.000        10.437  1       


Destination Clock Path
Name                                      Cell/Site Name     Delay Name     Delay  Arrival Time  Fanout  
----------------------------------------  -----------------  -------------  -----  ------------  ------  
hsosc_inst/CLKHF                          HFOSC_HFOSC_R1C32  CLOCK LATENCY  0.000         0.000  3       
clk                                                          NET DELAY      5.510         5.510  1       




 ++++Path 3  ++++++++++++++++++++++++++++++++++++++++++++++++++++++++++

Path Begin       : counter_784_875__i0/Q
Path End         : counter_784_875__i1/D
Source Clock     : hsosc_inst/CLKHF
Destination Clock: hsosc_inst/CLKHF
Logic Level      : 3
Delay Ratio      : 54.9% (route), 45.1% (logic)
Clock Skew       : 0.000 ns
Setup Constraint : 20.833 ns 
Path Slack       : 15.734 ns  (Passed)

  Destination Clock Arrival Time (hsosc_inst/CLKHF:R#2)    20.833
+ Destination Clock Source Latency                          0.000
- Destination Clock Uncertainty                             0.000
+ Destination Clock Path Delay                              5.510
- Setup Time                                                0.199
-------------------------------------------------------   -------
End-of-path required time( ns )                            26.144

  Source Clock Arrival Time (hsosc_inst/CLKHF:R#1)    0.000
+ Source Clock Source Latency                         0.000
+ Source Clock Path Delay                             5.510
+ Data Path Delay                                     4.900
--------------------------------------------------   ------
End-of-path arrival time( ns )                       10.410

 
Source Clock Path
Name                                      Cell/Site Name     Delay Name     Delay  Arrival Time  Fanout  
----------------------------------------  -----------------  -------------  -----  ------------  ------  
hsosc_inst/CLKHF                          HFOSC_HFOSC_R1C32  CLOCK LATENCY  0.000         0.000  3       
clk                                                          NET DELAY      5.510         5.510  1       


Data path
Name                                      Cell/Site Name  Delay Name         Delay  Arrival Time  Fanout  
----------------------------------------  --------------  -----------------  -----  ------------  ------  
counter_784_875__i0/CK->counter_784_875__i0/Q
                                          SLICE_R13C8A    CLK_TO_Q1_DELAY    1.391         6.901  1       
n3                                                        NET DELAY          2.026         8.927  1       
counter_784_875_add_4_1/C1->counter_784_875_add_4_1/CO1
                                          SLICE_R13C8A    C1_TO_COUT1_DELAY  0.344         9.271  2       
n6198                                                     NET DELAY          0.662         9.933  1       
counter_784_875_add_4_3/D0->counter_784_875_add_4_3/S0
                                          SLICE_R13C8B    D0_TO_F0_DELAY     0.477        10.410  1       
n19                                                       NET DELAY          0.000        10.410  1       


Destination Clock Path
Name                                      Cell/Site Name     Delay Name     Delay  Arrival Time  Fanout  
----------------------------------------  -----------------  -------------  -----  ------------  ------  
hsosc_inst/CLKHF                          HFOSC_HFOSC_R1C32  CLOCK LATENCY  0.000         0.000  3       
clk                                                          NET DELAY      5.510         5.510  1       




 ++++Path 4  ++++++++++++++++++++++++++++++++++++++++++++++++++++++++++

Path Begin       : counter_784_875__i0/Q
Path End         : counter_784_875__i0/D
Source Clock     : hsosc_inst/CLKHF
Destination Clock: hsosc_inst/CLKHF
Logic Level      : 2
Delay Ratio      : 52.0% (route), 48.0% (logic)
Clock Skew       : 0.000 ns
Setup Constraint : 20.833 ns 
Path Slack       : 16.740 ns  (Passed)

  Destination Clock Arrival Time (hsosc_inst/CLKHF:R#2)    20.833
+ Destination Clock Source Latency                          0.000
- Destination Clock Uncertainty                             0.000
+ Destination Clock Path Delay                              5.510
- Setup Time                                                0.199
-------------------------------------------------------   -------
End-of-path required time( ns )                            26.144

  Source Clock Arrival Time (hsosc_inst/CLKHF:R#1)   0.000
+ Source Clock Source Latency                        0.000
+ Source Clock Path Delay                            5.510
+ Data Path Delay                                    3.894
--------------------------------------------------   -----
End-of-path arrival time( ns )                       9.404

 
Source Clock Path
Name                                      Cell/Site Name     Delay Name     Delay  Arrival Time  Fanout  
----------------------------------------  -----------------  -------------  -----  ------------  ------  
hsosc_inst/CLKHF                          HFOSC_HFOSC_R1C32  CLOCK LATENCY  0.000         0.000  3       
clk                                                          NET DELAY      5.510         5.510  1       


Data path
Name                                      Cell/Site Name  Delay Name       Delay  Arrival Time  Fanout  
----------------------------------------  --------------  ---------------  -----  ------------  ------  
counter_784_875__i0/CK->counter_784_875__i0/Q
                                          SLICE_R13C8A    CLK_TO_Q1_DELAY  1.391         6.901  1       
n3                                                        NET DELAY        2.026         8.927  1       
counter_784_875_add_4_1/C1->counter_784_875_add_4_1/S1
                                          SLICE_R13C8A    C1_TO_F1_DELAY   0.477         9.404  1       
n20                                                       NET DELAY        0.000         9.404  1       


Destination Clock Path
Name                                      Cell/Site Name     Delay Name     Delay  Arrival Time  Fanout  
----------------------------------------  -----------------  -------------  -----  ------------  ------  
hsosc_inst/CLKHF                          HFOSC_HFOSC_R1C32  CLOCK LATENCY  0.000         0.000  3       
clk                                                          NET DELAY      5.510         5.510  1       



 +++++++++++++++++++++++++++++++++++++++++++++++++++++++++++++++++++++
                    End of Detailed Report for timing paths 
 +++++++++++++++++++++++++++++++++++++++++++++++++++++++++++++++++++++

4.2  Hold Detailed Report
==========================
4.2.1  Hold path details for constraint: create_clock -name {hsosc_inst/CLKHF} -period 20.8333 [get_pins {hsosc_inst/CLKHF }] 
----------------------------------------------------------------------
4 endpoints scored, 0 timing errors detected.

 +++++++++++++++++++++++++++++++++++++++++++++++++++++++++++++++++++++
                    Detailed Report for timing paths 
 +++++++++++++++++++++++++++++++++++++++++++++++++++++++++++++++++++++

 ++++Path 1  ++++++++++++++++++++++++++++++++++++++++++++++++++++++++++

Path Begin       : counter_784_875__i1/Q
Path End         : counter_784_875__i1/D
Source Clock     : hsosc_inst/CLKHF
Destination Clock: hsosc_inst/CLKHF
Logic Level      : 2
Delay Ratio      : 46.1% (route), 53.9% (logic)
Clock Skew       : 0.000 ns
Hold Constraint  : 0.000 ns 
Path Slack       : 3.417 ns  (Passed)

  Destination Clock Arrival Time (hsosc_inst/CLKHF:R#1)     0.000
+ Destination Clock Source Latency                          0.000
+ Destination Clock Uncertainty                             0.000
+ Destination Clock Path Delay                              5.510
+ Hold Time                                                -0.000
-------------------------------------------------------   -------
End-of-path required time( ns )                             5.510

  Source Clock Arrival Time (hsosc_inst/CLKHF:R#1)   0.000
+ Source Clock Source Latency                        0.000
+ Source Clock Path Delay                            5.510
+ Data Path Delay                                    3.417
--------------------------------------------------   -----
End-of-path arrival time( ns )                       8.927

 
Source Clock Path
Name                                      Cell/Site Name     Delay Name     Delay  Arrival Time  Fanout  
----------------------------------------  -----------------  -------------  -----  ------------  ------  
hsosc_inst/CLKHF                          HFOSC_HFOSC_R1C32  CLOCK LATENCY  0.000         0.000  3       
clk                                                          NET DELAY      5.510         5.510  1       


Data path
Name                                      Cell/Site Name  Delay Name       Delay  Arrival Time  Fanout  
----------------------------------------  --------------  ---------------  -----  ------------  ------  
{counter_784_875__i1/CK   counter_784_875__i2/CK}->counter_784_875__i1/Q
                                          SLICE_R13C8B    CLK_TO_Q0_DELAY  1.391         6.901  1       
n2                                                        NET DELAY        1.576         8.477  1       
counter_784_875_add_4_3/C0->counter_784_875_add_4_3/S0
                                          SLICE_R13C8B    C0_TO_F0_DELAY   0.450         8.927  1       
n19                                                       NET DELAY        0.000         8.927  1       


Destination Clock Path
Name                                      Cell/Site Name     Delay Name     Delay  Arrival Time  Fanout  
----------------------------------------  -----------------  -------------  -----  ------------  ------  
hsosc_inst/CLKHF                          HFOSC_HFOSC_R1C32  CLOCK LATENCY  0.000         0.000  3       
clk                                                          NET DELAY      5.510         5.510  1       




 ++++Path 2  ++++++++++++++++++++++++++++++++++++++++++++++++++++++++++

Path Begin       : counter_784_875__i2/Q
Path End         : counter_784_875__i2/D
Source Clock     : hsosc_inst/CLKHF
Destination Clock: hsosc_inst/CLKHF
Logic Level      : 2
Delay Ratio      : 46.1% (route), 53.9% (logic)
Clock Skew       : 0.000 ns
Hold Constraint  : 0.000 ns 
Path Slack       : 3.417 ns  (Passed)

  Destination Clock Arrival Time (hsosc_inst/CLKHF:R#1)     0.000
+ Destination Clock Source Latency                          0.000
+ Destination Clock Uncertainty                             0.000
+ Destination Clock Path Delay                              5.510
+ Hold Time                                                -0.000
-------------------------------------------------------   -------
End-of-path required time( ns )                             5.510

  Source Clock Arrival Time (hsosc_inst/CLKHF:R#1)   0.000
+ Source Clock Source Latency                        0.000
+ Source Clock Path Delay                            5.510
+ Data Path Delay                                    3.417
--------------------------------------------------   -----
End-of-path arrival time( ns )                       8.927

 
Source Clock Path
Name                                      Cell/Site Name     Delay Name     Delay  Arrival Time  Fanout  
----------------------------------------  -----------------  -------------  -----  ------------  ------  
hsosc_inst/CLKHF                          HFOSC_HFOSC_R1C32  CLOCK LATENCY  0.000         0.000  3       
clk                                                          NET DELAY      5.510         5.510  1       


Data path
Name                                      Cell/Site Name  Delay Name       Delay  Arrival Time  Fanout  
----------------------------------------  --------------  ---------------  -----  ------------  ------  
{counter_784_875__i1/CK   counter_784_875__i2/CK}->counter_784_875__i2/Q
                                          SLICE_R13C8B    CLK_TO_Q1_DELAY  1.391         6.901  2       
counter[2]                                                NET DELAY        1.576         8.477  1       
counter_784_875_add_4_3/C1->counter_784_875_add_4_3/S1
                                          SLICE_R13C8B    C1_TO_F1_DELAY   0.450         8.927  1       
n18                                                       NET DELAY        0.000         8.927  1       


Destination Clock Path
Name                                      Cell/Site Name     Delay Name     Delay  Arrival Time  Fanout  
----------------------------------------  -----------------  -------------  -----  ------------  ------  
hsosc_inst/CLKHF                          HFOSC_HFOSC_R1C32  CLOCK LATENCY  0.000         0.000  3       
clk                                                          NET DELAY      5.510         5.510  1       




 ++++Path 3  ++++++++++++++++++++++++++++++++++++++++++++++++++++++++++

Path Begin       : counter_784_875__i0/Q
Path End         : counter_784_875__i0/D
Source Clock     : hsosc_inst/CLKHF
Destination Clock: hsosc_inst/CLKHF
Logic Level      : 2
Delay Ratio      : 46.1% (route), 53.9% (logic)
Clock Skew       : 0.000 ns
Hold Constraint  : 0.000 ns 
Path Slack       : 3.417 ns  (Passed)

  Destination Clock Arrival Time (hsosc_inst/CLKHF:R#1)     0.000
+ Destination Clock Source Latency                          0.000
+ Destination Clock Uncertainty                             0.000
+ Destination Clock Path Delay                              5.510
+ Hold Time                                                -0.000
-------------------------------------------------------   -------
End-of-path required time( ns )                             5.510

  Source Clock Arrival Time (hsosc_inst/CLKHF:R#1)   0.000
+ Source Clock Source Latency                        0.000
+ Source Clock Path Delay                            5.510
+ Data Path Delay                                    3.417
--------------------------------------------------   -----
End-of-path arrival time( ns )                       8.927

 
Source Clock Path
Name                                      Cell/Site Name     Delay Name     Delay  Arrival Time  Fanout  
----------------------------------------  -----------------  -------------  -----  ------------  ------  
hsosc_inst/CLKHF                          HFOSC_HFOSC_R1C32  CLOCK LATENCY  0.000         0.000  3       
clk                                                          NET DELAY      5.510         5.510  1       


Data path
Name                                      Cell/Site Name  Delay Name       Delay  Arrival Time  Fanout  
----------------------------------------  --------------  ---------------  -----  ------------  ------  
counter_784_875__i0/CK->counter_784_875__i0/Q
                                          SLICE_R13C8A    CLK_TO_Q1_DELAY  1.391         6.901  1       
n3                                                        NET DELAY        1.576         8.477  1       
counter_784_875_add_4_1/C1->counter_784_875_add_4_1/S1
                                          SLICE_R13C8A    C1_TO_F1_DELAY   0.450         8.927  1       
n20                                                       NET DELAY        0.000         8.927  1       


Destination Clock Path
Name                                      Cell/Site Name     Delay Name     Delay  Arrival Time  Fanout  
----------------------------------------  -----------------  -------------  -----  ------------  ------  
hsosc_inst/CLKHF                          HFOSC_HFOSC_R1C32  CLOCK LATENCY  0.000         0.000  3       
clk                                                          NET DELAY      5.510         5.510  1       




 ++++Path 4  ++++++++++++++++++++++++++++++++++++++++++++++++++++++++++

Path Begin       : counter_784_875__i2/Q
Path End         : flip_flop_clk_11/D
Source Clock     : hsosc_inst/CLKHF
Destination Clock: hsosc_inst/CLKHF
Logic Level      : 2
Delay Ratio      : 59.2% (route), 40.8% (logic)
Clock Skew       : 0.000 ns
Hold Constraint  : 0.000 ns 
Path Slack       : 4.516 ns  (Passed)

  Destination Clock Arrival Time (hsosc_inst/CLKHF:R#1)     0.000
+ Destination Clock Source Latency                          0.000
+ Destination Clock Uncertainty                             0.000
+ Destination Clock Path Delay                              5.510
+ Hold Time                                                -0.000
-------------------------------------------------------   -------
End-of-path required time( ns )                             5.510

  Source Clock Arrival Time (hsosc_inst/CLKHF:R#1)    0.000
+ Source Clock Source Latency                         0.000
+ Source Clock Path Delay                             5.510
+ Data Path Delay                                     4.516
--------------------------------------------------   ------
End-of-path arrival time( ns )                       10.026

 
Source Clock Path
Name                                      Cell/Site Name     Delay Name     Delay  Arrival Time  Fanout  
----------------------------------------  -----------------  -------------  -----  ------------  ------  
hsosc_inst/CLKHF                          HFOSC_HFOSC_R1C32  CLOCK LATENCY  0.000         0.000  3       
clk                                                          NET DELAY      5.510         5.510  1       


Data path
Name                                      Cell/Site Name  Delay Name       Delay  Arrival Time  Fanout  
----------------------------------------  --------------  ---------------  -----  ------------  ------  
{counter_784_875__i1/CK   counter_784_875__i2/CK}->counter_784_875__i2/Q
                                          SLICE_R13C8B    CLK_TO_Q1_DELAY  1.391         6.901  2       
counter[2]                                                NET DELAY        2.675         9.576  1       
SLICE_61/C0->SLICE_61/F0                  SLICE_R13C2D    C0_TO_F0_DELAY   0.450        10.026  1       
counter[2]/sig_008/FeedThruLUT                            NET DELAY        0.000        10.026  1       


Destination Clock Path
Name                                      Cell/Site Name     Delay Name     Delay  Arrival Time  Fanout  
----------------------------------------  -----------------  -------------  -----  ------------  ------  
hsosc_inst/CLKHF                          HFOSC_HFOSC_R1C32  CLOCK LATENCY  0.000         0.000  3       
clk                                                          NET DELAY      5.510         5.510  1       



 +++++++++++++++++++++++++++++++++++++++++++++++++++++++++++++++++++++
                    End of Detailed Report for timing paths 
 +++++++++++++++++++++++++++++++++++++++++++++++++++++++++++++++++++++

